# JRE version: OpenJDK Runtime Environment (8.0_312-b07) (build 1.8.0_312-8u312-b07-0ubuntu1~18.04-b07)
# Java VM: OpenJDK 64-Bit Server VM (25.312-b07 mixed mode linux-amd64 compressed oops)
Heap:
 PSYoungGen      total 109568K, used 5607K [0x00000000f6780000, 0x00000000fef80000, 0x0000000100000000)
  eden space 103936K, 0% used [0x00000000f6780000,0x00000000f6780000,0x00000000fcd00000)
  from space 5632K, 99% used [0x00000000fe480000,0x00000000fe9f9ef8,0x00000000fea00000)
  to   space 4608K, 0% used [0x00000000feb00000,0x00000000feb00000,0x00000000fef80000)
 ParOldGen       total 25088K, used 13808K [0x00000000e3600000, 0x00000000e4e80000, 0x00000000f6780000)
  object space 25088K, 55% used [0x00000000e3600000,0x00000000e437c360,0x00000000e4e80000)
 Metaspace       used 28167K, capacity 30350K, committed 30512K, reserved 1075200K
  class space    used 3727K, capacity 4137K, committed 4144K, reserved 1048576K
GC Heap History (10 events):
Event: 1.919 GC heap after
Heap after GC invocations=5 (full 0):
 PSYoungGen      total 33792K, used 1024K [0x00000000f6780000, 0x00000000faf80000, 0x0000000100000000)
  eden space 32768K, 0% used [0x00000000f6780000,0x00000000f6780000,0x00000000f8780000)
  from space 1024K, 100% used [0x00000000f8780000,0x00000000f8880000,0x00000000f8880000)
  to   space 4096K, 0% used [0x00000000fab80000,0x00000000fab80000,0x00000000faf80000)
 ParOldGen       total 20480K, used 7466K [0x00000000e3600000, 0x00000000e4a00000, 0x00000000f6780000)
  object space 20480K, 36% used [0x00000000e3600000,0x00000000e3d4ab88,0x00000000e4a00000)
 Metaspace       used 14213K, capacity 15204K, committed 15360K, reserved 1062912K
  class space    used 1803K, capacity 2026K, committed 2048K, reserved 1048576K
}
Event: 2.487 GC heap before
{Heap before GC invocations=6 (full 0):
 PSYoungGen      total 33792K, used 33792K [0x00000000f6780000, 0x00000000faf80000, 0x0000000100000000)
  eden space 32768K, 100% used [0x00000000f6780000,0x00000000f8780000,0x00000000f8780000)
  from space 1024K, 100% used [0x00000000f8780000,0x00000000f8880000,0x00000000f8880000)
  to   space 4096K, 0% used [0x00000000fab80000,0x00000000fab80000,0x00000000faf80000)
 ParOldGen       total 20480K, used 7466K [0x00000000e3600000, 0x00000000e4a00000, 0x00000000f6780000)
  object space 20480K, 36% used [0x00000000e3600000,0x00000000e3d4ab88,0x00000000e4a00000)
 Metaspace       used 16879K, capacity 18262K, committed 18432K, reserved 1064960K
  class space    used 2232K, capacity 2511K, committed 2560K, reserved 1048576K
Event: 2.496 GC heap after
Heap after GC invocations=6 (full 0):
 PSYoungGen      total 68608K, used 4063K [0x00000000f6780000, 0x00000000fb180000, 0x0000000100000000)
  eden space 64512K, 0% used [0x00000000f6780000,0x00000000f6780000,0x00000000fa680000)
  from space 4096K, 99% used [0x00000000fab80000,0x00000000faf77dc8,0x00000000faf80000)
  to   space 5120K, 0% used [0x00000000fa680000,0x00000000fa680000,0x00000000fab80000)
 ParOldGen       total 20480K, used 7474K [0x00000000e3600000, 0x00000000e4a00000, 0x00000000f6780000)
  object space 20480K, 36% used [0x00000000e3600000,0x00000000e3d4cb88,0x00000000e4a00000)
 Metaspace       used 16879K, capacity 18262K, committed 18432K, reserved 1064960K
  class space    used 2232K, capacity 2511K, committed 2560K, reserved 1048576K
}
Event: 2.759 GC heap before
{Heap before GC invocations=7 (full 0):
 PSYoungGen      total 68608K, used 29864K [0x00000000f6780000, 0x00000000fb180000, 0x0000000100000000)
  eden space 64512K, 39% used [0x00000000f6780000,0x00000000f80b22d8,0x00000000fa680000)
  from space 4096K, 99% used [0x00000000fab80000,0x00000000faf77dc8,0x00000000faf80000)
  to   space 5120K, 0% used [0x00000000fa680000,0x00000000fa680000,0x00000000fab80000)
 ParOldGen       total 20480K, used 7474K [0x00000000e3600000, 0x00000000e4a00000, 0x00000000f6780000)
  object space 20480K, 36% used [0x00000000e3600000,0x00000000e3d4cb88,0x00000000e4a00000)
 Metaspace       used 19805K, capacity 21226K, committed 21296K, reserved 1067008K
  class space    used 2556K, capacity 2835K, committed 2864K, reserved 1048576K
Event: 2.765 GC heap after
Heap after GC invocations=7 (full 0):
 PSYoungGen      total 69632K, used 4562K [0x00000000f6780000, 0x00000000ff080000, 0x0000000100000000)
  eden space 64512K, 0% used [0x00000000f6780000,0x00000000f6780000,0x00000000fa680000)
  from space 5120K, 89% used [0x00000000fa680000,0x00000000faaf4a88,0x00000000fab80000)
  to   space 5632K, 0% used [0x00000000feb00000,0x00000000feb00000,0x00000000ff080000)
 ParOldGen       total 20480K, used 7970K [0x00000000e3600000, 0x00000000e4a00000, 0x00000000f6780000)
  object space 20480K, 38% used [0x00000000e3600000,0x00000000e3dc8bb8,0x00000000e4a00000)
 Metaspace       used 19805K, capacity 21226K, committed 21296K, reserved 1067008K
  class space    used 2556K, capacity 2835K, committed 2864K, reserved 1048576K
}
Event: 2.765 GC heap before
{Heap before GC invocations=8 (full 1):
 PSYoungGen      total 69632K, used 4562K [0x00000000f6780000, 0x00000000ff080000, 0x0000000100000000)
  eden space 64512K, 0% used [0x00000000f6780000,0x00000000f6780000,0x00000000fa680000)
  from space 5120K, 89% used [0x00000000fa680000,0x00000000faaf4a88,0x00000000fab80000)
  to   space 5632K, 0% used [0x00000000feb00000,0x00000000feb00000,0x00000000ff080000)
 ParOldGen       total 20480K, used 7970K [0x00000000e3600000, 0x00000000e4a00000, 0x00000000f6780000)
  object space 20480K, 38% used [0x00000000e3600000,0x00000000e3dc8bb8,0x00000000e4a00000)
 Metaspace       used 19805K, capacity 21226K, committed 21296K, reserved 1067008K
  class space    used 2556K, capacity 2835K, committed 2864K, reserved 1048576K
Event: 2.801 GC heap after
Heap after GC invocations=8 (full 1):
 PSYoungGen      total 69632K, used 0K [0x00000000f6780000, 0x00000000ff080000, 0x0000000100000000)
  eden space 64512K, 0% used [0x00000000f6780000,0x00000000f6780000,0x00000000fa680000)
  from space 5120K, 0% used [0x00000000fa680000,0x00000000fa680000,0x00000000fab80000)
  to   space 5632K, 0% used [0x00000000feb00000,0x00000000feb00000,0x00000000ff080000)
 ParOldGen       total 25088K, used 9861K [0x00000000e3600000, 0x00000000e4e80000, 0x00000000f6780000)
  object space 25088K, 39% used [0x00000000e3600000,0x00000000e3fa1440,0x00000000e4e80000)
 Metaspace       used 19805K, capacity 21226K, committed 21296K, reserved 1067008K
  class space    used 2556K, capacity 2835K, committed 2864K, reserved 1048576K
}
Event: 3.068 GC heap before
{Heap before GC invocations=9 (full 1):
 PSYoungGen      total 69632K, used 64490K [0x00000000f6780000, 0x00000000ff080000, 0x0000000100000000)
  eden space 64512K, 99% used [0x00000000f6780000,0x00000000fa67a830,0x00000000fa680000)
  from space 5120K, 0% used [0x00000000fa680000,0x00000000fa680000,0x00000000fab80000)
  to   space 5632K, 0% used [0x00000000feb00000,0x00000000feb00000,0x00000000ff080000)
 ParOldGen       total 25088K, used 9861K [0x00000000e3600000, 0x00000000e4e80000, 0x00000000f6780000)
  object space 25088K, 39% used [0x00000000e3600000,0x00000000e3fa1440,0x00000000e4e80000)
 Metaspace       used 22656K, capacity 24202K, committed 24368K, reserved 1071104K
  class space    used 2979K, capacity 3305K, committed 3376K, reserved 1048576K
Event: 3.074 GC heap after
Heap after GC invocations=9 (full 1):
 PSYoungGen      total 108544K, used 4273K [0x00000000f6780000, 0x00000000fef80000, 0x0000000100000000)
  eden space 103936K, 0% used [0x00000000f6780000,0x00000000f6780000,0x00000000fcd00000)
  from space 4608K, 92% used [0x00000000feb00000,0x00000000fef2c548,0x00000000fef80000)
  to   space 5632K, 0% used [0x00000000fe480000,0x00000000fe480000,0x00000000fea00000)
 ParOldGen       total 25088K, used 9869K [0x00000000e3600000, 0x00000000e4e80000, 0x00000000f6780000)
  object space 25088K, 39% used [0x00000000e3600000,0x00000000e3fa3440,0x00000000e4e80000)
 Metaspace       used 22656K, capacity 24202K, committed 24368K, reserved 1071104K
  class space    used 2979K, capacity 3305K, committed 3376K, reserved 1048576K
}
Event: 7.676 GC heap before
{Heap before GC invocations=10 (full 1):
 PSYoungGen      total 108544K, used 108209K [0x00000000f6780000, 0x00000000fef80000, 0x0000000100000000)
  eden space 103936K, 100% used [0x00000000f6780000,0x00000000fcd00000,0x00000000fcd00000)
  from space 4608K, 92% used [0x00000000feb00000,0x00000000fef2c548,0x00000000fef80000)
  to   space 5632K, 0% used [0x00000000fe480000,0x00000000fe480000,0x00000000fea00000)
 ParOldGen       total 25088K, used 9869K [0x00000000e3600000, 0x00000000e4e80000, 0x00000000f6780000)
  object space 25088K, 39% used [0x00000000e3600000,0x00000000e3fa3440,0x00000000e4e80000)
 Metaspace       used 28167K, capacity 30350K, committed 30512K, reserved 1075200K
  class space    used 3727K, capacity 4137K, committed 4144K, reserved 1048576K

