# JRE version: OpenJDK Runtime Environment (8.0_312-b07) (build 1.8.0_312-8u312-b07-0ubuntu1~18.04-b07)
# Java VM: OpenJDK 64-Bit Server VM (25.312-b07 mixed mode linux-amd64 compressed oops)
Heap:
 PSYoungGen      total 107520K, used 7137K [0x00000000f6780000, 0x00000000fdc00000, 0x0000000100000000)
  eden space 100352K, 0% used [0x00000000f6780000,0x00000000f6780000,0x00000000fc980000)
  from space 7168K, 99% used [0x00000000fd500000,0x00000000fdbf8640,0x00000000fdc00000)
  to   space 5632K, 0% used [0x00000000fc980000,0x00000000fc980000,0x00000000fcf00000)
 ParOldGen       total 20480K, used 11750K [0x00000000e3600000, 0x00000000e4a00000, 0x00000000f6780000)
  object space 20480K, 57% used [0x00000000e3600000,0x00000000e4179b48,0x00000000e4a00000)
 Metaspace       used 33089K, capacity 35460K, committed 35496K, reserved 1079296K
  class space    used 4482K, capacity 4898K, committed 4912K, reserved 1048576K
GC Heap History (10 events):
Event: 2.812 GC heap after
Heap after GC invocations=8 (full 0):
 PSYoungGen      total 67584K, used 4084K [0x00000000f6780000, 0x00000000fb080000, 0x0000000100000000)
  eden space 63488K, 0% used [0x00000000f6780000,0x00000000f6780000,0x00000000fa580000)
  from space 4096K, 99% used [0x00000000faa80000,0x00000000fae7d250,0x00000000fae80000)
  to   space 5120K, 0% used [0x00000000fa580000,0x00000000fa580000,0x00000000faa80000)
 ParOldGen       total 20480K, used 7178K [0x00000000e3600000, 0x00000000e4a00000, 0x00000000f6780000)
  object space 20480K, 35% used [0x00000000e3600000,0x00000000e3d02b18,0x00000000e4a00000)
 Metaspace       used 18738K, capacity 20150K, committed 20480K, reserved 1067008K
  class space    used 2430K, capacity 2733K, committed 2816K, reserved 1048576K
}
Event: 2.935 GC heap before
{Heap before GC invocations=9 (full 0):
 PSYoungGen      total 67584K, used 13085K [0x00000000f6780000, 0x00000000fb080000, 0x0000000100000000)
  eden space 63488K, 14% used [0x00000000f6780000,0x00000000f704a420,0x00000000fa580000)
  from space 4096K, 99% used [0x00000000faa80000,0x00000000fae7d250,0x00000000fae80000)
  to   space 5120K, 0% used [0x00000000fa580000,0x00000000fa580000,0x00000000faa80000)
 ParOldGen       total 20480K, used 7178K [0x00000000e3600000, 0x00000000e4a00000, 0x00000000f6780000)
  object space 20480K, 35% used [0x00000000e3600000,0x00000000e3d02b18,0x00000000e4a00000)
 Metaspace       used 19852K, capacity 21228K, committed 21296K, reserved 1067008K
  class space    used 2544K, capacity 2838K, committed 2864K, reserved 1048576K
Event: 2.941 GC heap after
Heap after GC invocations=9 (full 0):
 PSYoungGen      total 68608K, used 2987K [0x00000000f6780000, 0x00000000fd500000, 0x0000000100000000)
  eden space 63488K, 0% used [0x00000000f6780000,0x00000000f6780000,0x00000000fa580000)
  from space 5120K, 58% used [0x00000000fa580000,0x00000000fa86af60,0x00000000faa80000)
  to   space 5120K, 0% used [0x00000000fd000000,0x00000000fd000000,0x00000000fd500000)
 ParOldGen       total 20480K, used 7799K [0x00000000e3600000, 0x00000000e4a00000, 0x00000000f6780000)
  object space 20480K, 38% used [0x00000000e3600000,0x00000000e3d9dcd8,0x00000000e4a00000)
 Metaspace       used 19852K, capacity 21228K, committed 21296K, reserved 1067008K
  class space    used 2544K, capacity 2838K, committed 2864K, reserved 1048576K
}
Event: 2.941 GC heap before
{Heap before GC invocations=10 (full 1):
 PSYoungGen      total 68608K, used 2987K [0x00000000f6780000, 0x00000000fd500000, 0x0000000100000000)
  eden space 63488K, 0% used [0x00000000f6780000,0x00000000f6780000,0x00000000fa580000)
  from space 5120K, 58% used [0x00000000fa580000,0x00000000fa86af60,0x00000000faa80000)
  to   space 5120K, 0% used [0x00000000fd000000,0x00000000fd000000,0x00000000fd500000)
 ParOldGen       total 20480K, used 7799K [0x00000000e3600000, 0x00000000e4a00000, 0x00000000f6780000)
  object space 20480K, 38% used [0x00000000e3600000,0x00000000e3d9dcd8,0x00000000e4a00000)
 Metaspace       used 19852K, capacity 21228K, committed 21296K, reserved 1067008K
  class space    used 2544K, capacity 2838K, committed 2864K, reserved 1048576K
Event: 3.004 GC heap after
Heap after GC invocations=10 (full 1):
 PSYoungGen      total 68608K, used 0K [0x00000000f6780000, 0x00000000fd500000, 0x0000000100000000)
  eden space 63488K, 0% used [0x00000000f6780000,0x00000000f6780000,0x00000000fa580000)
  from space 5120K, 0% used [0x00000000fa580000,0x00000000fa580000,0x00000000faa80000)
  to   space 5120K, 0% used [0x00000000fd000000,0x00000000fd000000,0x00000000fd500000)
 ParOldGen       total 20480K, used 5619K [0x00000000e3600000, 0x00000000e4a00000, 0x00000000f6780000)
  object space 20480K, 27% used [0x00000000e3600000,0x00000000e3b7cfb8,0x00000000e4a00000)
 Metaspace       used 19847K, capacity 21220K, committed 21296K, reserved 1067008K
  class space    used 2542K, capacity 2834K, committed 2864K, reserved 1048576K
}
Event: 3.285 GC heap before
{Heap before GC invocations=11 (full 1):
 PSYoungGen      total 68608K, used 63464K [0x00000000f6780000, 0x00000000fd500000, 0x0000000100000000)
  eden space 63488K, 99% used [0x00000000f6780000,0x00000000fa57a1c8,0x00000000fa580000)
  from space 5120K, 0% used [0x00000000fa580000,0x00000000fa580000,0x00000000faa80000)
  to   space 5120K, 0% used [0x00000000fd000000,0x00000000fd000000,0x00000000fd500000)
 ParOldGen       total 20480K, used 5619K [0x00000000e3600000, 0x00000000e4a00000, 0x00000000f6780000)
  object space 20480K, 27% used [0x00000000e3600000,0x00000000e3b7cfb8,0x00000000e4a00000)
 Metaspace       used 22672K, capacity 24266K, committed 24368K, reserved 1071104K
  class space    used 2979K, capacity 3305K, committed 3376K, reserved 1048576K
Event: 3.290 GC heap after
Heap after GC invocations=11 (full 1):
 PSYoungGen      total 87040K, used 4235K [0x00000000f6780000, 0x00000000fd480000, 0x0000000100000000)
  eden space 82432K, 0% used [0x00000000f6780000,0x00000000f6780000,0x00000000fb800000)
  from space 4608K, 91% used [0x00000000fd000000,0x00000000fd422fb0,0x00000000fd480000)
  to   space 5632K, 0% used [0x00000000fc980000,0x00000000fc980000,0x00000000fcf00000)
 ParOldGen       total 20480K, used 5627K [0x00000000e3600000, 0x00000000e4a00000, 0x00000000f6780000)
  object space 20480K, 27% used [0x00000000e3600000,0x00000000e3b7efb8,0x00000000e4a00000)
 Metaspace       used 22672K, capacity 24266K, committed 24368K, reserved 1071104K
  class space    used 2979K, capacity 3305K, committed 3376K, reserved 1048576K
}
Event: 4.920 GC heap before
{Heap before GC invocations=12 (full 1):
 PSYoungGen      total 87040K, used 86667K [0x00000000f6780000, 0x00000000fd480000, 0x0000000100000000)
  eden space 82432K, 100% used [0x00000000f6780000,0x00000000fb800000,0x00000000fb800000)
  from space 4608K, 91% used [0x00000000fd000000,0x00000000fd422fb0,0x00000000fd480000)
  to   space 5632K, 0% used [0x00000000fc980000,0x00000000fc980000,0x00000000fcf00000)
 ParOldGen       total 20480K, used 5627K [0x00000000e3600000, 0x00000000e4a00000, 0x00000000f6780000)
  object space 20480K, 27% used [0x00000000e3600000,0x00000000e3b7efb8,0x00000000e4a00000)
 Metaspace       used 26682K, capacity 28758K, committed 29104K, reserved 1075200K
  class space    used 3519K, capacity 3911K, committed 4016K, reserved 1048576K
Event: 4.936 GC heap after
Heap after GC invocations=12 (full 1):
 PSYoungGen      total 105984K, used 5630K [0x00000000f6780000, 0x00000000fdc00000, 0x0000000100000000)
  eden space 100352K, 0% used [0x00000000f6780000,0x00000000f6780000,0x00000000fc980000)
  from space 5632K, 99% used [0x00000000fc980000,0x00000000fceffb00,0x00000000fcf00000)
  to   space 7168K, 0% used [0x00000000fd500000,0x00000000fd500000,0x00000000fdc00000)
 ParOldGen       total 20480K, used 7796K [0x00000000e3600000, 0x00000000e4a00000, 0x00000000f6780000)
  object space 20480K, 38% used [0x00000000e3600000,0x00000000e3d9d380,0x00000000e4a00000)
 Metaspace       used 26682K, capacity 28758K, committed 29104K, reserved 1075200K
  class space    used 3519K, capacity 3911K, committed 4016K, reserved 1048576K
}
Event: 63.055 GC heap before
{Heap before GC invocations=13 (full 1):
 PSYoungGen      total 105984K, used 97643K [0x00000000f6780000, 0x00000000fdc00000, 0x0000000100000000)
  eden space 100352K, 91% used [0x00000000f6780000,0x00000000fc15b130,0x00000000fc980000)
  from space 5632K, 99% used [0x00000000fc980000,0x00000000fceffb00,0x00000000fcf00000)
  to   space 7168K, 0% used [0x00000000fd500000,0x00000000fd500000,0x00000000fdc00000)
 ParOldGen       total 20480K, used 7796K [0x00000000e3600000, 0x00000000e4a00000, 0x00000000f6780000)
  object space 20480K, 38% used [0x00000000e3600000,0x00000000e3d9d380,0x00000000e4a00000)
 Metaspace       used 33089K, capacity 35460K, committed 35496K, reserved 1079296K
  class space    used 4482K, capacity 4898K, committed 4912K, reserved 1048576K

