# JRE version: OpenJDK Runtime Environment (8.0_312-b07) (build 1.8.0_312-8u312-b07-0ubuntu1~18.04-b07)
# Java VM: OpenJDK 64-Bit Server VM (25.312-b07 mixed mode linux-amd64 compressed oops)
Heap:
 PSYoungGen      total 110080K, used 8737K [0x00000000f6780000, 0x00000000fdd80000, 0x0000000100000000)
  eden space 99840K, 0% used [0x00000000f6780000,0x00000000f6780000,0x00000000fc900000)
  from space 10240K, 85% used [0x00000000fc900000,0x00000000fd188488,0x00000000fd300000)
  to   space 9728K, 0% used [0x00000000fd300000,0x00000000fd300000,0x00000000fdc80000)
 ParOldGen       total 35840K, used 18550K [0x00000000e3600000, 0x00000000e5900000, 0x00000000f6780000)
  object space 35840K, 51% used [0x00000000e3600000,0x00000000e481da98,0x00000000e5900000)
 Metaspace       used 23307K, capacity 23996K, committed 24320K, reserved 1071104K
  class space    used 2775K, capacity 2957K, committed 3072K, reserved 1048576K
GC Heap History (10 events):
Event: 2.408 GC heap after
Heap after GC invocations=7 (full 0):
 PSYoungGen      total 36352K, used 4064K [0x00000000f6780000, 0x00000000fb080000, 0x0000000100000000)
  eden space 32256K, 0% used [0x00000000f6780000,0x00000000f6780000,0x00000000f8700000)
  from space 4096K, 99% used [0x00000000f8700000,0x00000000f8af80e0,0x00000000f8b00000)
  to   space 5120K, 0% used [0x00000000fab80000,0x00000000fab80000,0x00000000fb080000)
 ParOldGen       total 20480K, used 7049K [0x00000000e3600000, 0x00000000e4a00000, 0x00000000f6780000)
  object space 20480K, 34% used [0x00000000e3600000,0x00000000e3ce26a0,0x00000000e4a00000)
 Metaspace       used 14652K, capacity 14866K, committed 15232K, reserved 1062912K
  class space    used 1825K, capacity 1899K, committed 1920K, reserved 1048576K
}
Event: 2.989 GC heap before
{Heap before GC invocations=8 (full 0):
 PSYoungGen      total 36352K, used 36320K [0x00000000f6780000, 0x00000000fb080000, 0x0000000100000000)
  eden space 32256K, 100% used [0x00000000f6780000,0x00000000f8700000,0x00000000f8700000)
  from space 4096K, 99% used [0x00000000f8700000,0x00000000f8af80e0,0x00000000f8b00000)
  to   space 5120K, 0% used [0x00000000fab80000,0x00000000fab80000,0x00000000fb080000)
 ParOldGen       total 20480K, used 7049K [0x00000000e3600000, 0x00000000e4a00000, 0x00000000f6780000)
  object space 20480K, 34% used [0x00000000e3600000,0x00000000e3ce26a0,0x00000000e4a00000)
 Metaspace       used 16218K, capacity 16458K, committed 16768K, reserved 1064960K
  class space    used 1983K, capacity 2100K, committed 2176K, reserved 1048576K
Event: 3.002 GC heap after
Heap after GC invocations=8 (full 0):
 PSYoungGen      total 67584K, used 5088K [0x00000000f6780000, 0x00000000fb480000, 0x0000000100000000)
  eden space 62464K, 0% used [0x00000000f6780000,0x00000000f6780000,0x00000000fa480000)
  from space 5120K, 99% used [0x00000000fab80000,0x00000000fb078020,0x00000000fb080000)
  to   space 7168K, 0% used [0x00000000fa480000,0x00000000fa480000,0x00000000fab80000)
 ParOldGen       total 20480K, used 9698K [0x00000000e3600000, 0x00000000e4a00000, 0x00000000f6780000)
  object space 20480K, 47% used [0x00000000e3600000,0x00000000e3f78ab0,0x00000000e4a00000)
 Metaspace       used 16218K, capacity 16458K, committed 16768K, reserved 1064960K
  class space    used 1983K, capacity 2100K, committed 2176K, reserved 1048576K
}
Event: 3.794 GC heap before
{Heap before GC invocations=9 (full 0):
 PSYoungGen      total 67584K, used 67552K [0x00000000f6780000, 0x00000000fb480000, 0x0000000100000000)
  eden space 62464K, 100% used [0x00000000f6780000,0x00000000fa480000,0x00000000fa480000)
  from space 5120K, 99% used [0x00000000fab80000,0x00000000fb078020,0x00000000fb080000)
  to   space 7168K, 0% used [0x00000000fa480000,0x00000000fa480000,0x00000000fab80000)
 ParOldGen       total 20480K, used 9698K [0x00000000e3600000, 0x00000000e4a00000, 0x00000000f6780000)
  object space 20480K, 47% used [0x00000000e3600000,0x00000000e3f78ab0,0x00000000e4a00000)
 Metaspace       used 16957K, capacity 17312K, committed 17536K, reserved 1064960K
  class space    used 2028K, capacity 2142K, committed 2176K, reserved 1048576K
Event: 3.824 GC heap after
Heap after GC invocations=9 (full 0):
 PSYoungGen      total 69632K, used 7168K [0x00000000f6780000, 0x00000000fdc80000, 0x0000000100000000)
  eden space 62464K, 0% used [0x00000000f6780000,0x00000000f6780000,0x00000000fa480000)
  from space 7168K, 100% used [0x00000000fa480000,0x00000000fab80000,0x00000000fab80000)
  to   space 9728K, 0% used [0x00000000fd300000,0x00000000fd300000,0x00000000fdc80000)
 ParOldGen       total 20480K, used 13901K [0x00000000e3600000, 0x00000000e4a00000, 0x00000000f6780000)
  object space 20480K, 67% used [0x00000000e3600000,0x00000000e43935f8,0x00000000e4a00000)
 Metaspace       used 16957K, capacity 17312K, committed 17536K, reserved 1064960K
  class space    used 2028K, capacity 2142K, committed 2176K, reserved 1048576K
}
Event: 5.077 GC heap before
{Heap before GC invocations=10 (full 0):
 PSYoungGen      total 69632K, used 69632K [0x00000000f6780000, 0x00000000fdc80000, 0x0000000100000000)
  eden space 62464K, 100% used [0x00000000f6780000,0x00000000fa480000,0x00000000fa480000)
  from space 7168K, 100% used [0x00000000fa480000,0x00000000fab80000,0x00000000fab80000)
  to   space 9728K, 0% used [0x00000000fd300000,0x00000000fd300000,0x00000000fdc80000)
 ParOldGen       total 20480K, used 13901K [0x00000000e3600000, 0x00000000e4a00000, 0x00000000f6780000)
  object space 20480K, 67% used [0x00000000e3600000,0x00000000e43935f8,0x00000000e4a00000)
 Metaspace       used 17990K, capacity 18518K, committed 18688K, reserved 1064960K
  class space    used 2130K, capacity 2284K, committed 2304K, reserved 1048576K
Event: 5.117 GC heap after
Heap after GC invocations=10 (full 0):
 PSYoungGen      total 109568K, used 6331K [0x00000000f6780000, 0x00000000fdd80000, 0x0000000100000000)
  eden space 99840K, 0% used [0x00000000f6780000,0x00000000f6780000,0x00000000fc900000)
  from space 9728K, 65% used [0x00000000fd300000,0x00000000fd92ef68,0x00000000fdc80000)
  to   space 10240K, 0% used [0x00000000fc900000,0x00000000fc900000,0x00000000fd300000)
 ParOldGen       total 20480K, used 17677K [0x00000000e3600000, 0x00000000e4a00000, 0x00000000f6780000)
  object space 20480K, 86% used [0x00000000e3600000,0x00000000e4743748,0x00000000e4a00000)
 Metaspace       used 17990K, capacity 18518K, committed 18688K, reserved 1064960K
  class space    used 2130K, capacity 2284K, committed 2304K, reserved 1048576K
}
Event: 5.118 GC heap before
{Heap before GC invocations=11 (full 1):
 PSYoungGen      total 109568K, used 6331K [0x00000000f6780000, 0x00000000fdd80000, 0x0000000100000000)
  eden space 99840K, 0% used [0x00000000f6780000,0x00000000f6780000,0x00000000fc900000)
  from space 9728K, 65% used [0x00000000fd300000,0x00000000fd92ef68,0x00000000fdc80000)
  to   space 10240K, 0% used [0x00000000fc900000,0x00000000fc900000,0x00000000fd300000)
 ParOldGen       total 20480K, used 17677K [0x00000000e3600000, 0x00000000e4a00000, 0x00000000f6780000)
  object space 20480K, 86% used [0x00000000e3600000,0x00000000e4743748,0x00000000e4a00000)
 Metaspace       used 17990K, capacity 18518K, committed 18688K, reserved 1064960K
  class space    used 2130K, capacity 2284K, committed 2304K, reserved 1048576K
Event: 5.247 GC heap after
Heap after GC invocations=11 (full 1):
 PSYoungGen      total 109568K, used 0K [0x00000000f6780000, 0x00000000fdd80000, 0x0000000100000000)
  eden space 99840K, 0% used [0x00000000f6780000,0x00000000f6780000,0x00000000fc900000)
  from space 9728K, 0% used [0x00000000fd300000,0x00000000fd300000,0x00000000fdc80000)
  to   space 10240K, 0% used [0x00000000fc900000,0x00000000fc900000,0x00000000fd300000)
 ParOldGen       total 35840K, used 18542K [0x00000000e3600000, 0x00000000e5900000, 0x00000000f6780000)
  object space 35840K, 51% used [0x00000000e3600000,0x00000000e481ba98,0x00000000e5900000)
 Metaspace       used 17990K, capacity 18518K, committed 18688K, reserved 1064960K
  class space    used 2130K, capacity 2284K, committed 2304K, reserved 1048576K
}
Event: 12.309 GC heap before
{Heap before GC invocations=12 (full 1):
 PSYoungGen      total 109568K, used 99840K [0x00000000f6780000, 0x00000000fdd80000, 0x0000000100000000)
  eden space 99840K, 100% used [0x00000000f6780000,0x00000000fc900000,0x00000000fc900000)
  from space 9728K, 0% used [0x00000000fd300000,0x00000000fd300000,0x00000000fdc80000)
  to   space 10240K, 0% used [0x00000000fc900000,0x00000000fc900000,0x00000000fd300000)
 ParOldGen       total 35840K, used 18542K [0x00000000e3600000, 0x00000000e5900000, 0x00000000f6780000)
  object space 35840K, 51% used [0x00000000e3600000,0x00000000e481ba98,0x00000000e5900000)
 Metaspace       used 23307K, capacity 23996K, committed 24320K, reserved 1071104K
  class space    used 2775K, capacity 2957K, committed 3072K, reserved 1048576K

